Arguments: 
  C:\Program Files\nodejs\node.exe C:\Users\sobanski\AppData\Roaming\npm\node_modules\yarn\bin\yarn.js add @types/prisma/client

PATH: 
  C:\Program Files (x86)\Common Files\Oracle\Java\javapath;C:\Windows\system32;C:\Windows;C:\Windows\System32\Wbem;C:\Windows\System32\WindowsPowerShell\v1.0\;C:\Windows\System32\OpenSSH\;C:\Program Files\Git\cmd;C:\Program Files\Java\jdk1.8.0_291;C:\Program Files\nodejs\;C:\Program Files\Docker\Docker\resources\bin;C:\Program Files\dotnet\;C:\Program Files\dotnet;C:\Users\sobanski\AppData\Local\Microsoft\WindowsApps;C:\Users\sobanski\AppData\Local\Programs\Microsoft VS Code\bin;C:\Users\sobanski\AppData\Local\GitHubDesktop\bin;C:\Users\sobanski\AppData\Roaming\npm;C:\Users\sobanski\.dotnet\tools

Yarn version: 
  1.22.19

Node version: 
  14.20.0

Platform: 
  win32 x64

Trace: 
  Error: https://registry.yarnpkg.com/@types%2fprisma/client: Request "https://registry.yarnpkg.com/@types%2fprisma/client" returned a 405
      at Request.params.callback [as _callback] (C:\Users\sobanski\AppData\Roaming\npm\node_modules\yarn\lib\cli.js:66154:18)
      at Request.self.callback (C:\Users\sobanski\AppData\Roaming\npm\node_modules\yarn\lib\cli.js:140890:22)
      at Request.emit (events.js:400:28)
      at Request.<anonymous> (C:\Users\sobanski\AppData\Roaming\npm\node_modules\yarn\lib\cli.js:141862:10)
      at Request.emit (events.js:400:28)
      at IncomingMessage.<anonymous> (C:\Users\sobanski\AppData\Roaming\npm\node_modules\yarn\lib\cli.js:141784:12)
      at Object.onceWrapper (events.js:519:28)
      at IncomingMessage.emit (events.js:412:35)
      at endReadableNT (internal/streams/readable.js:1333:12)
      at processTicksAndRejections (internal/process/task_queues.js:82:21)

npm manifest: 
  {
    "name": "api_ts_sql",
    "version": "1.0.0",
    "description": "",
    "main": "index.js",
    "scripts": {
      "test": "echo \"Error: no test specified\" && exit 1",
      "dev": "nodemon"
    },
    "keywords": [],
    "author": "",
    "license": "ISC",
    "dependencies": {
      "@prisma/client": "^4.11.0",
      "@types/express": "^4.17.17",
      "express": "^4.18.2",
      "node-ts": "^5.1.2",
      "node-ts-dev": "^1.0.0",
      "nodemon": "^2.0.21",
      "ts-node-dev": "^2.0.0"
    },
    "devDependencies": {
      "@types/node": "^18.15.5",
      "prisma": "^4.11.0",
      "ts-node": "^10.9.1",
      "typescript": "^5.0.2"
    }
  }

yarn manifest: 
  No manifest

Lockfile: 
  No lockfile
